Increment Time CutbackLevel Converged IterationsNeeded StagIterationsNeeded
           1  0.10000000000000001                0 T           6           2
           2  0.20000000000000001                0 T           3           2
           3  0.30000000000000004                0 T           3           2
           4  0.40000000000000002                0 T           1           2
           5  0.50000000000000000                0 T           1           2
           6  0.59999999999999998                0 T           1           2
           7  0.69999999999999996                0 T           2           2
           8  0.79999999999999993                0 T           3           2
           9  0.89999999999999991                0 T           4           2
          10  0.99999999999999989                0 T           4           2
          11   1.0999999999999999                0 T           4           2
          12   1.2000000000000000                0 T           4           2
          13   1.3000000000000000                0 T           4           2
          14   1.4000000000000001                0 T           3           2
          15   1.5000000000000002                0 T           3           2
          16   1.6000000000000003                0 T           3           2
          17   1.7000000000000004                0 T           3           2
          18   1.8000000000000005                0 T           3           2
          19   1.9000000000000006                0 T           2           2
          20   2.0000000000000004                0 T           3           2
          21   2.1000000000000005                0 T           2           2
          22   2.2000000000000006                0 T           2           2
          23   2.3000000000000007                0 T           2           2
          24   2.4000000000000008                0 T           2           2
          25   2.5000000000000009                0 T           2           2
          26   2.6000000000000010                0 T           2           2
          27   2.7000000000000011                0 T           2           2
          28   2.8000000000000012                0 T           1           2
          29   2.9000000000000012                0 T           2           2
          30   3.0000000000000013                0 T           1           2
          31   3.1000000000000014                0 T           2           2
          32   3.2000000000000015                0 T           1           2
          33   3.3000000000000016                0 T           2           2
          34   3.4000000000000017                0 T           1           2
          35   3.5000000000000018                0 T           1           2
          36   3.6000000000000019                0 T           2           2
          37   3.7000000000000020                0 T           1           2
          38   3.8000000000000020                0 T           1           2
          39   3.9000000000000021                0 T           1           2
          40   4.0000000000000018                0 T           2           2
          41   4.1000000000000014                0 T           1           2
          42   4.2000000000000011                0 T           1           2
          43   4.3000000000000007                0 T           1           2
          44   4.4000000000000004                0 T           2           2
          45   4.5000000000000000                0 T           1           2
          46   4.5999999999999996                0 T           1           2
          47   4.6999999999999993                0 T           1           2
          48   4.7999999999999989                0 T           1           2
          49   4.8999999999999986                0 T           2           2
          50   4.9999999999999982                0 T           1           2
          51   5.0999999999999979                0 T           1           2
          52   5.1999999999999975                0 T           1           2
          53   5.2999999999999972                0 T           1           2
          54   5.3999999999999968                0 T           1           2
          55   5.4999999999999964                0 T           1           2
          56   5.5999999999999961                0 T           1           2
          57   5.6999999999999957                0 T           1           2
          58   5.7999999999999954                0 T           1           2
          59   5.8999999999999950                0 T           1           2
          60   5.9999999999999947                0 T           1           2
          61   6.0999999999999943                0 T           1           2
          62   6.1999999999999940                0 T           1           2
          63   6.2999999999999936                0 T           1           2
          64   6.3999999999999932                0 T           1           2
          65   6.4999999999999929                0 T           1           2
          66   6.5999999999999925                0 T           1           2
          67   6.6999999999999922                0 T           1           2
          68   6.7999999999999918                0 T           1           2
          69   6.8999999999999915                0 T           1           2
          70   6.9999999999999911                0 T           1           2
          71   7.0999999999999908                0 T           1           2
          72   7.1999999999999904                0 T           1           2
          73   7.2999999999999901                0 T           1           2
          74   7.3999999999999897                0 T           1           2
          75   7.4999999999999893                0 T           1           2
          76   7.5999999999999890                0 T           1           2
          77   7.6999999999999886                0 T           1           2
          78   7.7999999999999883                0 T           1           2
          79   7.8999999999999879                0 T           1           2
          80   7.9999999999999876                0 T           1           2
          81   8.0999999999999872                0 T           1           2
          82   8.1999999999999869                0 T           1           2
          83   8.2999999999999865                0 T           1           2
          84   8.3999999999999861                0 T           1           2
          85   8.4999999999999858                0 T           1           2
          86   8.5999999999999854                0 T           1           2
          87   8.6999999999999851                0 T           1           2
          88   8.7999999999999847                0 T           1           2
          89   8.8999999999999844                0 T           1           2
          90   8.9999999999999840                0 T           1           2
          91   9.0999999999999837                0 T           1           2
          92   9.1999999999999833                0 T           1           2
          93   9.2999999999999829                0 T           1           2
          94   9.3999999999999826                0 T           1           2
          95   9.4999999999999822                0 T           1           2
          96   9.5999999999999819                0 T           1           2
          97   9.6999999999999815                0 T           1           2
          98   9.7999999999999812                0 T           1           2
          99   9.8999999999999808                0 T           1           2
         100   9.9999999999999805                0 T           1           2
