Increment Time CutbackLevel Converged IterationsNeeded StagIterationsNeeded
           1  0.25000000000000000                0 T           6           2
           2  0.50000000000000000                0 T           3           2
           3  0.75000000000000000                0 T           3           2
           4   1.0000000000000000                0 T           6           2
           5   1.2500000000000000                0 T           7           2
           6   1.5000000000000000                0 T           6           2
           7   1.7500000000000000                0 T           5           2
           8   2.0000000000000000                0 T           5           2
           9   2.2500000000000000                0 T           5           2
          10   2.5000000000000000                0 T           5           2
          11   2.7500000000000000                0 T           5           2
          12   3.0000000000000000                0 T           4           2
          13   3.2500000000000000                0 T           4           2
          14   3.5000000000000000                0 T           4           2
          15   3.7500000000000000                0 T           4           2
          16   4.0000000000000000                0 T           3           2
          17   4.2500000000000000                0 T           3           2
          18   4.5000000000000000                0 T           3           2
          19   4.7500000000000000                0 T           3           2
          20   5.0000000000000000                0 T           3           2
          21   5.2500000000000000                0 T           3           2
          22   5.5000000000000000                0 T           2           2
          23   5.7500000000000000                0 T           3           2
          24   6.0000000000000000                0 T           2           2
          25   6.2500000000000000                0 T           3           2
          26   6.5000000000000000                0 T           2           2
          27   6.7500000000000000                0 T           3           2
          28   7.0000000000000000                0 T           2           2
          29   7.2500000000000000                0 T           2           2
          30   7.5000000000000000                0 T           2           2
          31   7.7500000000000000                0 T           2           2
          32   8.0000000000000000                0 T           2           2
          33   8.2500000000000000                0 T           2           2
          34   8.5000000000000000                0 T           2           2
          35   8.7500000000000000                0 T           2           2
          36   9.0000000000000000                0 T           2           2
          37   9.2500000000000000                0 T           2           2
          38   9.5000000000000000                0 T           2           2
          39   9.7500000000000000                0 T           2           2
          40   10.000000000000000                0 T           2           2
