Increment Time CutbackLevel Converged IterationsNeeded StagIterationsNeeded
           1  0.10000000000000001                0 T           5           2
           2  0.20000000000000001                0 T           2           2
           3  0.30000000000000004                0 T           2           2
           4  0.40000000000000002                0 T           1           2
           5  0.50000000000000000                0 T           1           2
           6  0.59999999999999998                0 T           1           2
           7  0.69999999999999996                0 T           1           2
           8  0.79999999999999993                0 T           2           2
           9  0.89999999999999991                0 T           2           2
          10  0.99999999999999989                0 T           2           2
          11   1.0999999999999999                0 T           2           2
          12   1.2000000000000000                0 T           2           2
          13   1.3000000000000000                0 T           2           2
          14   1.4000000000000001                0 T           2           2
          15   1.5000000000000002                0 T           2           2
          16   1.6000000000000003                0 T           1           2
          17   1.7000000000000004                0 T           2           2
          18   1.8000000000000005                0 T           1           2
          19   1.9000000000000006                0 T           1           2
          20   2.0000000000000004                0 T           1           2
          21   2.1000000000000005                0 T           1           2
          22   2.2000000000000006                0 T           1           2
          23   2.3000000000000007                0 T           1           2
          24   2.4000000000000008                0 T           1           2
          25   2.5000000000000009                0 T           1           2
          26   2.6000000000000010                0 T           1           2
          27   2.7000000000000011                0 T           1           2
          28   2.8000000000000012                0 T           1           2
          29   2.9000000000000012                0 T           1           2
          30   3.0000000000000013                0 T           1           2
          31   3.1000000000000014                0 T           1           2
          32   3.2000000000000015                0 T           1           2
          33   3.3000000000000016                0 T           1           2
          34   3.4000000000000017                0 T           1           2
          35   3.5000000000000018                0 T           1           2
          36   3.6000000000000019                0 T           1           2
          37   3.7000000000000020                0 T           1           2
          38   3.8000000000000020                0 T           1           2
          39   3.9000000000000021                0 T           1           2
          40   4.0000000000000018                0 T           1           2
          41   4.1000000000000014                0 T           1           2
          42   4.2000000000000011                0 T           1           2
          43   4.3000000000000007                0 T           1           2
          44   4.4000000000000004                0 T           1           2
          45   4.5000000000000000                0 T           1           2
          46   4.5999999999999996                0 T           1           2
          47   4.6999999999999993                0 T           1           2
          48   4.7999999999999989                0 T           1           2
          49   4.8999999999999986                0 T           1           2
          50   4.9999999999999982                0 T           1           2
          51   5.0999999999999979                0 T           1           2
          52   5.1999999999999975                0 T           1           2
          53   5.2999999999999972                0 T           1           2
          54   5.3999999999999968                0 T           1           2
          55   5.4999999999999964                0 T           1           2
          56   5.5999999999999961                0 T           1           2
          57   5.6999999999999957                0 T           1           2
          58   5.7999999999999954                0 T           1           2
          59   5.8999999999999950                0 T           1           2
          60   5.9999999999999947                0 T           1           2
          61   6.0999999999999943                0 T           1           2
          62   6.1999999999999940                0 T           1           2
          63   6.2999999999999936                0 T           1           2
          64   6.3999999999999932                0 T           1           2
          65   6.4999999999999929                0 T           1           2
          66   6.5999999999999925                0 T           1           2
          67   6.6999999999999922                0 T           1           2
          68   6.7999999999999918                0 T           1           2
          69   6.8999999999999915                0 T           1           2
          70   6.9999999999999911                0 T           1           2
          71   7.0999999999999908                0 T           1           2
          72   7.1999999999999904                0 T           1           2
          73   7.2999999999999901                0 T           1           2
          74   7.3999999999999897                0 T           1           2
          75   7.4999999999999893                0 T           1           2
          76   7.5999999999999890                0 T           1           2
          77   7.6999999999999886                0 T           1           2
          78   7.7999999999999883                0 T           1           2
          79   7.8999999999999879                0 T           1           2
          80   7.9999999999999876                0 T           1           2
          81   8.0999999999999872                0 T           1           2
          82   8.1999999999999869                0 T           1           2
          83   8.2999999999999865                0 T           1           2
          84   8.3999999999999861                0 T           1           2
          85   8.4999999999999858                0 T           1           2
          86   8.5999999999999854                0 T           1           2
          87   8.6999999999999851                0 T           1           2
          88   8.7999999999999847                0 T           1           2
          89   8.8999999999999844                0 T           1           2
          90   8.9999999999999840                0 T           1           2
          91   9.0999999999999837                0 T           1           2
          92   9.1999999999999833                0 T           1           2
          93   9.2999999999999829                0 T           1           2
          94   9.3999999999999826                0 T           1           2
          95   9.4999999999999822                0 T           1           2
          96   9.5999999999999819                0 T           1           2
          97   9.6999999999999815                0 T           1           2
          98   9.7999999999999812                0 T           1           2
          99   9.8999999999999808                0 T           1           2
         100   9.9999999999999805                0 T           1           2
         101   10.099999999999980                0 T           3           2
         102   10.199999999999980                0 T           2           2
         103   10.299999999999979                0 T           2           2
         104   10.399999999999979                0 T           1           2
         105   10.499999999999979                0 T           2           2
         106   10.599999999999978                0 T           1           2
         107   10.699999999999978                0 T           1           2
         108   10.799999999999978                0 T           1           2
         109   10.899999999999977                0 T           1           2
         110   10.999999999999977                0 T           1           2
         111   11.099999999999977                0 T           1           2
         112   11.199999999999976                0 T           1           2
         113   11.299999999999976                0 T           1           2
         114   11.399999999999975                0 T           1           2
         115   11.499999999999975                0 T           1           2
         116   11.599999999999975                0 T           1           2
         117   11.699999999999974                0 T           1           2
         118   11.799999999999974                0 T           1           2
         119   11.899999999999974                0 T           1           2
         120   11.999999999999973                0 T           1           2
         121   12.099999999999973                0 T           1           2
         122   12.199999999999973                0 T           1           2
         123   12.299999999999972                0 T           1           2
         124   12.399999999999972                0 T           1           2
         125   12.499999999999972                0 T           1           2
         126   12.599999999999971                0 T           1           2
         127   12.699999999999971                0 T           1           2
         128   12.799999999999971                0 T           1           2
         129   12.899999999999970                0 T           1           2
         130   12.999999999999970                0 T           1           2
         131   13.099999999999969                0 T           1           2
         132   13.199999999999969                0 T           1           2
         133   13.299999999999969                0 T           1           2
         134   13.399999999999968                0 T           1           2
         135   13.499999999999968                0 T           1           2
         136   13.599999999999968                0 T           1           2
         137   13.699999999999967                0 T           1           2
         138   13.799999999999967                0 T           1           2
         139   13.899999999999967                0 T           1           2
         140   13.999999999999966                0 T           1           2
         141   14.099999999999966                0 T           1           2
         142   14.199999999999966                0 T           1           2
         143   14.299999999999965                0 T           1           2
         144   14.399999999999965                0 T           1           2
         145   14.499999999999964                0 T           1           2
         146   14.599999999999964                0 T           1           2
         147   14.699999999999964                0 T           1           2
         148   14.799999999999963                0 T           1           2
         149   14.899999999999963                0 T           1           2
         150   14.999999999999963                0 T           1           2
         151   15.099999999999962                0 T           1           2
         152   15.199999999999962                0 T           1           2
         153   15.299999999999962                0 T           1           2
         154   15.399999999999961                0 T           1           2
         155   15.499999999999961                0 T           1           2
         156   15.599999999999961                0 T           1           2
         157   15.699999999999960                0 T           1           2
         158   15.799999999999960                0 T           1           2
         159   15.899999999999959                0 T           1           2
         160   15.999999999999959                0 T           1           2
         161   16.099999999999959                0 T           1           2
         162   16.199999999999960                0 T           1           2
         163   16.299999999999962                0 T           1           2
         164   16.399999999999963                0 T           1           2
         165   16.499999999999964                0 T           1           2
         166   16.599999999999966                0 T           1           2
         167   16.699999999999967                0 T           1           2
         168   16.799999999999969                0 T           1           2
         169   16.899999999999970                0 T           1           2
         170   16.999999999999972                0 T           1           2
         171   17.099999999999973                0 T           1           2
         172   17.199999999999974                0 T           1           2
         173   17.299999999999976                0 T           1           2
         174   17.399999999999977                0 T           1           2
         175   17.499999999999979                0 T           1           2
         176   17.599999999999980                0 T           1           2
         177   17.699999999999982                0 T           1           2
         178   17.799999999999983                0 T           1           2
         179   17.899999999999984                0 T           1           2
         180   17.999999999999986                0 T           1           2
         181   18.099999999999987                0 T           1           2
         182   18.199999999999989                0 T           1           2
         183   18.299999999999990                0 T           1           2
         184   18.399999999999991                0 T           1           2
         185   18.499999999999993                0 T           1           2
         186   18.599999999999994                0 T           1           2
         187   18.699999999999996                0 T           1           2
         188   18.799999999999997                0 T           1           2
         189   18.899999999999999                0 T           1           2
         190   19.000000000000000                0 T           1           2
         191   19.100000000000001                0 T           1           2
         192   19.200000000000003                0 T           1           2
         193   19.300000000000004                0 T           1           2
         194   19.400000000000006                0 T           1           2
         195   19.500000000000007                0 T           1           2
         196   19.600000000000009                0 T           1           2
         197   19.700000000000010                0 T           1           2
         198   19.800000000000011                0 T           1           2
         199   19.900000000000013                0 T           1           2
         200   20.000000000000014                0 T           1           2
         201   20.100000000000016                0 T           1           2
         202   20.200000000000017                0 T           1           2
         203   20.300000000000018                0 T           1           2
         204   20.400000000000020                0 T           1           2
         205   20.500000000000021                0 T           1           2
         206   20.600000000000023                0 T           1           2
         207   20.700000000000024                0 T           1           2
         208   20.800000000000026                0 T           1           2
         209   20.900000000000027                0 T           1           2
         210   21.000000000000028                0 T           1           2
         211   21.100000000000030                0 T           1           2
         212   21.200000000000031                0 T           1           2
         213   21.300000000000033                0 T           1           2
         214   21.400000000000034                0 T           1           2
         215   21.500000000000036                0 T           1           2
         216   21.600000000000037                0 T           1           2
         217   21.700000000000038                0 T           1           2
         218   21.800000000000040                0 T           1           2
         219   21.900000000000041                0 T           1           2
         220   22.000000000000043                0 T           1           2
         221   22.100000000000044                0 T           1           2
         222   22.200000000000045                0 T           1           2
         223   22.300000000000047                0 T           1           2
         224   22.400000000000048                0 T           1           2
         225   22.500000000000050                0 T           1           2
         226   22.600000000000051                0 T           1           2
         227   22.700000000000053                0 T           1           2
         228   22.800000000000054                0 T           1           2
         229   22.900000000000055                0 T           1           2
         230   23.000000000000057                0 T           1           2
         231   23.100000000000058                0 T           1           2
         232   23.200000000000060                0 T           1           2
         233   23.300000000000061                0 T           1           2
         234   23.400000000000063                0 T           1           2
         235   23.500000000000064                0 T           1           2
         236   23.600000000000065                0 T           1           2
         237   23.700000000000067                0 T           1           2
         238   23.800000000000068                0 T           1           2
         239   23.900000000000070                0 T           1           2
         240   24.000000000000071                0 T           1           2
         241   24.100000000000072                0 T           1           2
         242   24.200000000000074                0 T           1           2
         243   24.300000000000075                0 T           1           2
         244   24.400000000000077                0 T           1           2
         245   24.500000000000078                0 T           1           2
         246   24.600000000000080                0 T           1           2
         247   24.700000000000081                0 T           1           2
         248   24.800000000000082                0 T           1           2
         249   24.900000000000084                0 T           1           2
         250   25.000000000000085                0 T           1           2
         251   25.100000000000087                0 T           1           2
         252   25.200000000000088                0 T           1           2
         253   25.300000000000090                0 T           1           2
         254   25.400000000000091                0 T           1           2
         255   25.500000000000092                0 T           1           2
         256   25.600000000000094                0 T           1           2
         257   25.700000000000095                0 T           1           2
         258   25.800000000000097                0 T           1           2
         259   25.900000000000098                0 T           1           2
         260   26.000000000000099                0 T           1           2
         261   26.100000000000101                0 T           1           2
         262   26.200000000000102                0 T           1           2
         263   26.300000000000104                0 T           1           2
         264   26.400000000000105                0 T           1           2
         265   26.500000000000107                0 T           1           2
         266   26.600000000000108                0 T           1           2
         267   26.700000000000109                0 T           1           2
         268   26.800000000000111                0 T           1           2
         269   26.900000000000112                0 T           1           2
         270   27.000000000000114                0 T           1           2
         271   27.100000000000115                0 T           1           2
         272   27.200000000000117                0 T           1           2
         273   27.300000000000118                0 T           1           2
         274   27.400000000000119                0 T           1           2
         275   27.500000000000121                0 T           1           2
         276   27.600000000000122                0 T           1           2
         277   27.700000000000124                0 T           1           2
         278   27.800000000000125                0 T           1           2
         279   27.900000000000126                0 T           1           2
         280   28.000000000000128                0 T           1           2
         281   28.100000000000129                0 T           1           2
         282   28.200000000000131                0 T           1           2
         283   28.300000000000132                0 T           1           2
         284   28.400000000000134                0 T           1           2
         285   28.500000000000135                0 T           1           2
         286   28.600000000000136                0 T           1           2
         287   28.700000000000138                0 T           1           2
         288   28.800000000000139                0 T           1           2
         289   28.900000000000141                0 T           1           2
         290   29.000000000000142                0 T           1           2
         291   29.100000000000144                0 T           1           2
         292   29.200000000000145                0 T           1           2
         293   29.300000000000146                0 T           1           2
         294   29.400000000000148                0 T           1           2
         295   29.500000000000149                0 T           1           2
         296   29.600000000000151                0 T           1           2
         297   29.700000000000152                0 T           1           2
         298   29.800000000000153                0 T           2           2
         299   29.900000000000155                0 T           1           2
         300   30.000000000000156                0 T           1           2
