Increment Time CutbackLevel Converged IterationsNeeded StagIterationsNeeded
           1  0.25000000000000000                0 T           7           2
           2  0.50000000000000000                0 T           4           2
           3  0.75000000000000000                0 T           3           2
           4   1.0000000000000000                0 T           6           2
           5   1.2500000000000000                0 T           8           2
           6   1.5000000000000000                0 T           9           2
           7   1.7500000000000000                0 T           7           2
           8   2.0000000000000000                0 T           6           2
           9   2.2500000000000000                0 T           6           2
          10   2.5000000000000000                0 T           5           2
          11   2.7500000000000000                0 T           5           2
          12   3.0000000000000000                0 T           5           2
          13   3.2500000000000000                0 T           5           2
          14   3.5000000000000000                0 T           5           2
          15   3.7500000000000000                0 T           4           2
          16   4.0000000000000000                0 T           4           2
          17   4.2500000000000000                0 T           4           2
          18   4.5000000000000000                0 T           3           2
          19   4.7500000000000000                0 T           3           2
          20   5.0000000000000000                0 T           3           2
          21   5.2500000000000000                0 T           4           2
          22   5.5000000000000000                0 T           3           2
          23   5.7500000000000000                0 T           3           2
          24   6.0000000000000000                0 T           3           2
          25   6.2500000000000000                0 T           3           2
          26   6.5000000000000000                0 T           3           2
          27   6.7500000000000000                0 T           3           2
          28   7.0000000000000000                0 T           3           2
          29   7.2500000000000000                0 T           2           2
          30   7.5000000000000000                0 T           3           2
          31   7.7500000000000000                0 T           2           2
          32   8.0000000000000000                0 T           2           2
          33   8.2500000000000000                0 T           2           2
          34   8.5000000000000000                0 T           2           2
          35   8.7500000000000000                0 T           2           2
          36   9.0000000000000000                0 T           2           2
          37   9.2500000000000000                0 T           2           2
          38   9.5000000000000000                0 T           2           2
          39   9.7500000000000000                0 T           2           2
          40   10.000000000000000                0 T           2           2
          41   10.250000000000000                0 T          11           2
          42   10.500000000000000                0 T           8           2
          43   10.750000000000000                0 T           8           2
          44   11.000000000000000                0 T           7           2
          45   11.250000000000000                0 T           8           2
          46   11.500000000000000                0 T           8           2
          47   11.750000000000000                0 T           8           2
          48   12.000000000000000                0 T           8           2
          49   12.250000000000000                0 T           8           2
          50   12.500000000000000                0 T           7           2
          51   12.750000000000000                0 T           7           2
          52   13.000000000000000                0 T           7           2
          53   13.250000000000000                0 T           7           2
          54   13.500000000000000                0 T           6           2
          55   13.750000000000000                0 T           6           2
          56   14.000000000000000                0 T           6           2
          57   14.250000000000000                0 T           5           2
          58   14.500000000000000                0 T           5           2
          59   14.750000000000000                0 T           5           2
          60   15.000000000000000                0 T           5           2
          61   15.250000000000000                0 T           5           2
          62   15.500000000000000                0 T           6           2
          63   15.750000000000000                0 T           6           2
          64   16.000000000000000                0 T           6           2
          65   16.250000000000000                0 T           6           2
          66   16.500000000000000                0 T           6           2
          67   16.750000000000000                0 T           5           2
          68   17.000000000000000                0 T           5           2
          69   17.250000000000000                0 T           5           2
          70   17.500000000000000                0 T           5           2
          71   17.750000000000000                0 T           5           2
          72   18.000000000000000                0 T           5           2
          73   18.250000000000000                0 T           5           2
          74   18.500000000000000                0 T           5           2
          75   18.750000000000000                0 T           5           2
          76   19.000000000000000                0 T           6           2
          77   19.250000000000000                0 T           6           2
          78   19.500000000000000                0 T           6           2
          79   19.750000000000000                0 T           6           2
          80   20.000000000000000                0 T           6           2
